<?xml version="1.0" encoding="UTF-8"?>
<!-- Generated by org.testng.reporters.JUnitXMLReporter -->
<testsuite ignored="0" hostname="LAPTOP-JKE8LG9E" failures="0" tests="4" name="Default test" time="43.737" errors="0" timestamp="2022-07-26T21:49:40 IST">
  <testcase classname="com.qa.testLayer.TestDataProvider" name="login" time="0.251"/>
  <testcase classname="com.qa.testLayer.TestDataProvider" name="login" time="0.24"/>
  <testcase classname="com.qa.testLayer.TestDataProvider" name="login" time="0.305"/>
  <testcase classname="com.qa.testLayer.TestDataProvider" name="login" time="5.323"/>
</testsuite> <!-- Default test -->
