<?xml version="1.0" encoding="UTF-8"?>
<testng-results ignored="0" total="4" passed="4" failed="0" skipped="0">
  <reporter-output>
  </reporter-output>
  <suite started-at="2022-07-26T21:48:56 IST" name="Default suite" finished-at="2022-07-26T21:49:40 IST" duration-ms="43737">
    <groups>
    </groups>
    <test started-at="2022-07-26T21:48:56 IST" name="Default test" finished-at="2022-07-26T21:49:40 IST" duration-ms="43737">
      <class name="com.qa.testLayer.TestDataProvider">
        <test-method is-config="true" signature="setup()[pri:0, instance:com.qa.testLayer.TestDataProvider@2e005c4b]" started-at="2022-07-26T21:48:57 IST" name="setup" finished-at="2022-07-26T21:49:07 IST" duration-ms="10094" status="PASS">
          <reporter-output>
          </reporter-output>
        </test-method> <!-- setup -->
        <test-method signature="login(java.lang.String,java.lang.String)[pri:0, instance:com.qa.testLayer.TestDataProvider@2e005c4b]" started-at="2022-07-26T21:49:07 IST" name="login" data-provider="logindata" finished-at="2022-07-26T21:49:07 IST" duration-ms="251" status="PASS">
          <params>
            <param index="0">
              <value>
                <![CDATA[standard_user]]>
              </value>
            </param>
            <param index="1">
              <value>
                <![CDATA[secret_sauce]]>
              </value>
            </param>
          </params>
          <reporter-output>
          </reporter-output>
        </test-method> <!-- login -->
        <test-method is-config="true" signature="tearDown()[pri:0, instance:com.qa.testLayer.TestDataProvider@2e005c4b]" started-at="2022-07-26T21:49:07 IST" name="tearDown" finished-at="2022-07-26T21:49:07 IST" duration-ms="207" status="PASS">
          <reporter-output>
          </reporter-output>
        </test-method> <!-- tearDown -->
        <test-method is-config="true" signature="setup()[pri:0, instance:com.qa.testLayer.TestDataProvider@2e005c4b]" started-at="2022-07-26T21:49:07 IST" name="setup" finished-at="2022-07-26T21:49:16 IST" duration-ms="9113" status="PASS">
          <reporter-output>
          </reporter-output>
        </test-method> <!-- setup -->
        <test-method signature="login(java.lang.String,java.lang.String)[pri:0, instance:com.qa.testLayer.TestDataProvider@2e005c4b]" started-at="2022-07-26T21:49:16 IST" name="login" data-provider="logindata" finished-at="2022-07-26T21:49:17 IST" duration-ms="240" status="PASS">
          <params>
            <param index="0">
              <value>
                <![CDATA[locked_out_user]]>
              </value>
            </param>
            <param index="1">
              <value>
                <![CDATA[secret_sauce]]>
              </value>
            </param>
          </params>
          <reporter-output>
          </reporter-output>
        </test-method> <!-- login -->
        <test-method is-config="true" signature="tearDown()[pri:0, instance:com.qa.testLayer.TestDataProvider@2e005c4b]" started-at="2022-07-26T21:49:17 IST" name="tearDown" finished-at="2022-07-26T21:49:17 IST" duration-ms="192" status="PASS">
          <reporter-output>
          </reporter-output>
        </test-method> <!-- tearDown -->
        <test-method is-config="true" signature="setup()[pri:0, instance:com.qa.testLayer.TestDataProvider@2e005c4b]" started-at="2022-07-26T21:49:17 IST" name="setup" finished-at="2022-07-26T21:49:26 IST" duration-ms="8808" status="PASS">
          <reporter-output>
          </reporter-output>
        </test-method> <!-- setup -->
        <test-method signature="login(java.lang.String,java.lang.String)[pri:0, instance:com.qa.testLayer.TestDataProvider@2e005c4b]" started-at="2022-07-26T21:49:26 IST" name="login" data-provider="logindata" finished-at="2022-07-26T21:49:26 IST" duration-ms="305" status="PASS">
          <params>
            <param index="0">
              <value>
                <![CDATA[problem_user]]>
              </value>
            </param>
            <param index="1">
              <value>
                <![CDATA[secret_sauce]]>
              </value>
            </param>
          </params>
          <reporter-output>
          </reporter-output>
        </test-method> <!-- login -->
        <test-method is-config="true" signature="tearDown()[pri:0, instance:com.qa.testLayer.TestDataProvider@2e005c4b]" started-at="2022-07-26T21:49:26 IST" name="tearDown" finished-at="2022-07-26T21:49:26 IST" duration-ms="191" status="PASS">
          <reporter-output>
          </reporter-output>
        </test-method> <!-- tearDown -->
        <test-method is-config="true" signature="setup()[pri:0, instance:com.qa.testLayer.TestDataProvider@2e005c4b]" started-at="2022-07-26T21:49:26 IST" name="setup" finished-at="2022-07-26T21:49:34 IST" duration-ms="7979" status="PASS">
          <reporter-output>
          </reporter-output>
        </test-method> <!-- setup -->
        <test-method signature="login(java.lang.String,java.lang.String)[pri:0, instance:com.qa.testLayer.TestDataProvider@2e005c4b]" started-at="2022-07-26T21:49:34 IST" name="login" data-provider="logindata" finished-at="2022-07-26T21:49:39 IST" duration-ms="5323" status="PASS">
          <params>
            <param index="0">
              <value>
                <![CDATA[performance_glitch_user]]>
              </value>
            </param>
            <param index="1">
              <value>
                <![CDATA[secret_sauce]]>
              </value>
            </param>
          </params>
          <reporter-output>
          </reporter-output>
        </test-method> <!-- login -->
        <test-method is-config="true" signature="tearDown()[pri:0, instance:com.qa.testLayer.TestDataProvider@2e005c4b]" started-at="2022-07-26T21:49:39 IST" name="tearDown" finished-at="2022-07-26T21:49:40 IST" duration-ms="254" status="PASS">
          <reporter-output>
          </reporter-output>
        </test-method> <!-- tearDown -->
      </class> <!-- com.qa.testLayer.TestDataProvider -->
    </test> <!-- Default test -->
  </suite> <!-- Default suite -->
</testng-results>
